<?xml version="1.0" encoding="UTF-8"?>
<testng-results skipped="0" failed="0" ignored="0" total="1" passed="1">
  <reporter-output>
  </reporter-output>
  <suite name="exampleTest" duration-ms="36889" started-at="2018-09-26T07:23:56Z" finished-at="2018-09-26T07:24:33Z">
    <groups>
    </groups>
    <test name="Command line test" duration-ms="36889" started-at="2018-09-26T07:23:56Z" finished-at="2018-09-26T07:24:33Z">
      <class name="exampleTest">
        <test-method status="PASS" signature="beforeTest()[pri:0, instance:exampleTest@380fb434]" name="beforeTest" is-config="true" duration-ms="2434" started-at="2018-09-26T10:23:56Z" finished-at="2018-09-26T10:23:58Z">
          <reporter-output>
          </reporter-output>
        </test-method> <!-- beforeTest -->
        <test-method status="PASS" signature="exampleTest()[pri:0, instance:exampleTest@380fb434]" name="exampleTest" duration-ms="33393" started-at="2018-09-26T10:23:58Z" finished-at="2018-09-26T10:24:32Z">
          <reporter-output>
          </reporter-output>
        </test-method> <!-- exampleTest -->
        <test-method status="PASS" signature="afterTest()[pri:0, instance:exampleTest@380fb434]" name="afterTest" is-config="true" duration-ms="1051" started-at="2018-09-26T10:24:32Z" finished-at="2018-09-26T10:24:33Z">
          <reporter-output>
          </reporter-output>
        </test-method> <!-- afterTest -->
      </class> <!-- exampleTest -->
    </test> <!-- Command line test -->
  </suite> <!-- exampleTest -->
</testng-results>
